This is pdfTeX, Version 3.14159265-2.6-1.40.17 (TeX Live 2016) (preloaded format=pdflatex 2015.1.1)  8 JUN 2018 15:28
entering extended mode
 restricted \write18 enabled.
 file:line:error style messages enabled.
 %&-line parsing enabled.
**main.tex
(./main.tex
LaTeX2e <2016/03/31>
Babel <3.9r> and hyphenation patterns for 83 language(s) loaded.
(./interact.cls
Document Class: interact 2017/07/31 v1.05 Interact LaTeX document class
(/usr/local/texlive/2016/texmf-dist/tex/latex/base/article.cls
Document Class: article 2014/09/29 v1.4h Standard LaTeX document class
(/usr/local/texlive/2016/texmf-dist/tex/latex/base/size11.clo
File: size11.clo 2014/09/29 v1.4h Standard LaTeX file (size option)
)
\c@part=\count79
\c@section=\count80
\c@subsection=\count81
\c@subsubsection=\count82
\c@paragraph=\count83
\c@subparagraph=\count84
\c@figure=\count85
\c@table=\count86
\abovecaptionskip=\skip41
\belowcaptionskip=\skip42
\bibindent=\dimen102
)
(/usr/local/texlive/2016/texmf-dist/tex/latex/amsmath/amsmath.sty
Package: amsmath 2016/03/10 v2.15b AMS math features
\@mathmargin=\skip43

For additional information on amsmath, use the `?' option.
(/usr/local/texlive/2016/texmf-dist/tex/latex/amsmath/amstext.sty
Package: amstext 2000/06/29 v2.01 AMS text

(/usr/local/texlive/2016/texmf-dist/tex/latex/amsmath/amsgen.sty
File: amsgen.sty 1999/11/30 v2.0 generic functions
\@emptytoks=\toks14
\ex@=\dimen103
))
(/usr/local/texlive/2016/texmf-dist/tex/latex/amsmath/amsbsy.sty
Package: amsbsy 1999/11/29 v1.2d Bold Symbols
\pmbraise@=\dimen104
)
(/usr/local/texlive/2016/texmf-dist/tex/latex/amsmath/amsopn.sty
Package: amsopn 2016/03/08 v2.02 operator names
)
\inf@bad=\count87
LaTeX Info: Redefining \frac on input line 199.
\uproot@=\count88
\leftroot@=\count89
LaTeX Info: Redefining \overline on input line 297.
\classnum@=\count90
\DOTSCASE@=\count91
LaTeX Info: Redefining \ldots on input line 394.
LaTeX Info: Redefining \dots on input line 397.
LaTeX Info: Redefining \cdots on input line 518.
\Mathstrutbox@=\box26
\strutbox@=\box27
\big@size=\dimen105
LaTeX Font Info:    Redeclaring font encoding OML on input line 634.
LaTeX Font Info:    Redeclaring font encoding OMS on input line 635.
\macc@depth=\count92
\c@MaxMatrixCols=\count93
\dotsspace@=\muskip10
\c@parentequation=\count94
\dspbrk@lvl=\count95
\tag@help=\toks15
\row@=\count96
\column@=\count97
\maxfields@=\count98
\andhelp@=\toks16
\eqnshift@=\dimen106
\alignsep@=\dimen107
\tagshift@=\dimen108
\tagwidth@=\dimen109
\totwidth@=\dimen110
\lineht@=\dimen111
\@envbody=\toks17
\multlinegap=\skip44
\multlinetaggap=\skip45
\mathdisplay@stack=\toks18
LaTeX Info: Redefining \[ on input line 2739.
LaTeX Info: Redefining \] on input line 2740.
)
(/usr/local/texlive/2016/texmf-dist/tex/latex/amsfonts/amssymb.sty
Package: amssymb 2013/01/14 v3.01 AMS font symbols

(/usr/local/texlive/2016/texmf-dist/tex/latex/amsfonts/amsfonts.sty
Package: amsfonts 2013/01/14 v3.01 Basic AMSFonts support
\symAMSa=\mathgroup4
\symAMSb=\mathgroup5
LaTeX Font Info:    Overwriting math alphabet `\mathfrak' in version `bold'
(Font)                  U/euf/m/n --> U/euf/b/n on input line 106.
))
(/usr/local/texlive/2016/texmf-dist/tex/latex/amscls/amsthm.sty
Package: amsthm 2015/03/04 v2.20.2
\thm@style=\toks19
\thm@bodyfont=\toks20
\thm@headfont=\toks21
\thm@notefont=\toks22
\thm@headpunct=\toks23
\thm@preskip=\skip46
\thm@postskip=\skip47
\thm@headsep=\skip48
\dth@everypar=\toks24
)
(./booktabs.sty
Package: booktabs 2005/04/14 v1.61803 publication quality tables
\heavyrulewidth=\dimen112
\lightrulewidth=\dimen113
\cmidrulewidth=\dimen114
\belowrulesep=\dimen115
\belowbottomsep=\dimen116
\aboverulesep=\dimen117
\abovetopsep=\dimen118
\cmidrulesep=\dimen119
\cmidrulekern=\dimen120
\defaultaddspace=\dimen121
\@cmidla=\count99
\@cmidlb=\count100
\@aboverulesep=\dimen122
\@belowrulesep=\dimen123
\@thisruleclass=\count101
\@lastruleclass=\count102
\@thisrulewidth=\dimen124
) (./epsfig.sty
Package: epsfig 1999/02/16 v1.7a (e)psfig emulation (SPQR)

(/usr/local/texlive/2016/texmf-dist/tex/latex/graphics/graphicx.sty
Package: graphicx 2014/10/28 v1.0g Enhanced LaTeX Graphics (DPC,SPQR)

(/usr/local/texlive/2016/texmf-dist/tex/latex/graphics/keyval.sty
Package: keyval 2014/10/28 v1.15 key=value parser (DPC)
\KV@toks@=\toks25
)
(/usr/local/texlive/2016/texmf-dist/tex/latex/graphics/graphics.sty
Package: graphics 2016/05/09 v1.0r Standard LaTeX Graphics (DPC,SPQR)

(/usr/local/texlive/2016/texmf-dist/tex/latex/graphics/trig.sty
Package: trig 2016/01/03 v1.10 sin cos tan (DPC)
)
(/usr/local/texlive/2016/texmf-dist/tex/latex/graphics-cfg/graphics.cfg
File: graphics.cfg 2016/01/02 v1.10 sample graphics configuration
)
Package graphics Info: Driver file: pdftex.def on input line 96.

(/usr/local/texlive/2016/texmf-dist/tex/latex/pdftex-def/pdftex.def
File: pdftex.def 2011/05/27 v0.06d Graphics/color for pdfTeX

(/usr/local/texlive/2016/texmf-dist/tex/generic/oberdiek/infwarerr.sty
Package: infwarerr 2016/05/16 v1.4 Providing info/warning/error messages (HO)
)
(/usr/local/texlive/2016/texmf-dist/tex/generic/oberdiek/ltxcmds.sty
Package: ltxcmds 2016/05/16 v1.23 LaTeX kernel commands for general use (HO)
)
\Gread@gobject=\count103
))
\Gin@req@height=\dimen125
\Gin@req@width=\dimen126
)
\epsfxsize=\dimen127
\epsfysize=\dimen128
)
(./rotating.sty
Package: rotating 1997/09/26, v2.13 Rotation package
 (/usr/local/texlive/2016/texmf-dist/tex/latex/base/ifthen.sty
Package: ifthen 2014/09/29 v1.1c Standard LaTeX ifthen package (DPC)
)
\c@r@tfl@t=\count104
\rot@float@box=\box28
) (/usr/local/texlive/2016/texmf-dist/tex/latex/geometry/geometry.sty
Package: geometry 2010/09/12 v5.6 Page Geometry

(/usr/local/texlive/2016/texmf-dist/tex/generic/oberdiek/ifpdf.sty
Package: ifpdf 2016/05/14 v3.1 Provides the ifpdf switch
)
(/usr/local/texlive/2016/texmf-dist/tex/generic/oberdiek/ifvtex.sty
Package: ifvtex 2016/05/16 v1.6 Detect VTeX and its facilities (HO)
Package ifvtex Info: VTeX not detected.
)
(/usr/local/texlive/2016/texmf-dist/tex/generic/ifxetex/ifxetex.sty
Package: ifxetex 2010/09/12 v0.6 Provides ifxetex conditional
)
\Gm@cnth=\count105
\Gm@cntv=\count106
\c@Gm@tempcnt=\count107
\Gm@bindingoffset=\dimen129
\Gm@wd@mp=\dimen130
\Gm@odd@mp=\dimen131
\Gm@even@mp=\dimen132
\Gm@layoutwidth=\dimen133
\Gm@layoutheight=\dimen134
\Gm@layouthoffset=\dimen135
\Gm@layoutvoffset=\dimen136
\Gm@dimlist=\toks26
)
\c@mv@upright=\count108
\c@mv@boldupright=\count109
LaTeX Font Info:    Overwriting symbol font `letters' in version `upright'
(Font)                  OML/cmm/m/it --> OML/eur/m/n on input line 163.
LaTeX Font Info:    Overwriting symbol font `letters' in version `boldupright'
(Font)                  OML/cmm/m/it --> OML/eur/b/n on input line 164.
\LabelSep=\dimen137
\TopSep=\skip49
\figheight=\dimen138
\figwidth=\dimen139
\tabledim=\dimen140
)
(/usr/local/texlive/2016/texmf-dist/tex/latex/oberdiek/epstopdf.sty
Package: epstopdf 2016/05/15 v2.6 Conversion with epstopdf on the fly (HO)

(/usr/local/texlive/2016/texmf-dist/tex/latex/oberdiek/epstopdf-base.sty
Package: epstopdf-base 2016/05/15 v2.6 Base part for package epstopdf

(/usr/local/texlive/2016/texmf-dist/tex/latex/oberdiek/grfext.sty
Package: grfext 2016/05/16 v1.2 Manage graphics extensions (HO)

(/usr/local/texlive/2016/texmf-dist/tex/generic/oberdiek/kvdefinekeys.sty
Package: kvdefinekeys 2016/05/16 v1.4 Define keys (HO)
))
(/usr/local/texlive/2016/texmf-dist/tex/latex/oberdiek/kvoptions.sty
Package: kvoptions 2016/05/16 v3.12 Key value format for package options (HO)

(/usr/local/texlive/2016/texmf-dist/tex/generic/oberdiek/kvsetkeys.sty
Package: kvsetkeys 2016/05/16 v1.17 Key value parser (HO)

(/usr/local/texlive/2016/texmf-dist/tex/generic/oberdiek/etexcmds.sty
Package: etexcmds 2016/05/16 v1.6 Avoid name clashes with e-TeX commands (HO)

(/usr/local/texlive/2016/texmf-dist/tex/generic/oberdiek/ifluatex.sty
Package: ifluatex 2016/05/16 v1.4 Provides the ifluatex switch (HO)
Package ifluatex Info: LuaTeX not detected.
)
Package etexcmds Info: Could not find \expanded.
(etexcmds)             That can mean that you are not using pdfTeX 1.50 or
(etexcmds)             that some package has redefined \expanded.
(etexcmds)             In the latter case, load this package earlier.
)))
(/usr/local/texlive/2016/texmf-dist/tex/generic/oberdiek/pdftexcmds.sty
Package: pdftexcmds 2016/05/10 v0.21 Utility functions of pdfTeX for LuaTeX (HO
)
Package pdftexcmds Info: LuaTeX not detected.
Package pdftexcmds Info: \pdf@primitive is available.
Package pdftexcmds Info: \pdf@ifprimitive is available.
Package pdftexcmds Info: \pdfdraftmode found.
)
Package grfext Info: Graphics extension search list:
(grfext)             [.png,.pdf,.jpg,.mps,.jpeg,.jbig2,.jb2,.PNG,.PDF,.JPG,.JPE
G,.JBIG2,.JB2,.eps]
(grfext)             \AppendGraphicsExtensions on input line 456.

(/usr/local/texlive/2016/texmf-dist/tex/latex/latexconfig/epstopdf-sys.cfg
File: epstopdf-sys.cfg 2010/07/13 v1.3 Configuration of (r)epstopdf for TeX Liv
e
)))
(./subfig.sty
Package: subfig 2005/06/28 ver: 1.3 subfig package

(/usr/local/texlive/2016/texmf-dist/tex/latex/caption/caption3.sty
Package: caption3 2016/02/04 v1.7-139 caption3 kernel (AR)
Package caption3 Info: TeX engine: e-TeX on input line 67.
\captionmargin=\dimen141
\captionmargin@=\dimen142
\captionwidth=\dimen143
\caption@tempdima=\dimen144
\caption@indent=\dimen145
\caption@parindent=\dimen146
\caption@hangindent=\dimen147
Package caption Info: Unknown document class (or package),
(caption)             standard defaults will be used.
)
\c@KVtest=\count110
\sf@farskip=\skip50
\sf@captopadj=\dimen148
\sf@capskip=\skip51
\sf@nearskip=\skip52
\c@subfigure=\count111
\c@subfigure@save=\count112
\c@lofdepth=\count113
\c@subtable=\count114
\c@subtable@save=\count115
\c@lotdepth=\count116
\sf@top=\skip53
\sf@bottom=\skip54
)
(/usr/local/texlive/2016/texmf-dist/tex/latex/graphics/color.sty
Package: color 2016/05/09 v1.1c Standard LaTeX Color (DPC)

(/usr/local/texlive/2016/texmf-dist/tex/latex/graphics-cfg/color.cfg
File: color.cfg 2016/01/02 v1.6 sample color configuration
)
Package color Info: Driver file: pdftex.def on input line 144.
)
(./natbib.sty
Package: natbib 2010/09/13 8.31b (PWD, AO)
\bibhang=\skip55
\bibsep=\skip56
LaTeX Info: Redefining \cite on input line 694.
\c@NAT@ctr=\count117
)
\c@theorem=\count118
\c@remark=\count119
\c@notation=\count120
 (./main.aux)
\openout1 = `main.aux'.

LaTeX Font Info:    Checking defaults for OML/cmm/m/it on input line 74.
LaTeX Font Info:    ... okay on input line 74.
LaTeX Font Info:    Checking defaults for T1/cmr/m/n on input line 74.
LaTeX Font Info:    ... okay on input line 74.
LaTeX Font Info:    Checking defaults for OT1/cmr/m/n on input line 74.
LaTeX Font Info:    ... okay on input line 74.
LaTeX Font Info:    Checking defaults for OMS/cmsy/m/n on input line 74.
LaTeX Font Info:    ... okay on input line 74.
LaTeX Font Info:    Checking defaults for OMX/cmex/m/n on input line 74.
LaTeX Font Info:    ... okay on input line 74.
LaTeX Font Info:    Checking defaults for U/cmr/m/n on input line 74.
LaTeX Font Info:    ... okay on input line 74.

(/usr/local/texlive/2016/texmf-dist/tex/context/base/mkii/supp-pdf.mkii
[Loading MPS to PDF converter (version 2006.09.02).]
\scratchcounter=\count121
\scratchdimen=\dimen149
\scratchbox=\box29
\nofMPsegments=\count122
\nofMParguments=\count123
\everyMPshowfont=\toks27
\MPscratchCnt=\count124
\MPscratchDim=\dimen150
\MPnumerator=\count125
\makeMPintoPDFobject=\count126
\everyMPtoPDFconversion=\toks28
)
*geometry* driver: auto-detecting
*geometry* detected driver: pdftex
*geometry* verbose mode - [ preamble ] result:
* driver: pdftex
* paper: <default>
* layout: <same size as paper>
* layoutoffset:(h,v)=(0.0pt,0.0pt)
* modes: 
* h-part:(L,W,R)=(94.75394pt, 408.0pt, 94.75394pt)
* v-part:(T,H,B)=(78.01874pt, 650.0pt, 117.0281pt)
* \paperwidth=597.50787pt
* \paperheight=845.04684pt
* \textwidth=408.0pt
* \textheight=650.0pt
* \oddsidemargin=22.48395pt
* \evensidemargin=22.48395pt
* \topmargin=-31.25125pt
* \headheight=12.0pt
* \headsep=25.0pt
* \topskip=11.0pt
* \footskip=30.0pt
* \marginparwidth=50.0pt
* \marginparsep=10.0pt
* \columnsep=12.0pt
* \skip\footins=10.0pt plus 4.0pt minus 2.0pt
* \hoffset=0.0pt
* \voffset=0.0pt
* \mag=1000
* \@twocolumnfalse
* \@twosidefalse
* \@mparswitchfalse
* \@reversemarginfalse
* (1in=72.27pt=25.4mm, 1cm=28.453pt)

Package caption Info: Begin \AtBeginDocument code.
Package caption Info: subfig package v1.3 is loaded.
Package caption Info: End \AtBeginDocument code.

LaTeX Font Warning: Font shape `OT1/cmr/m/n' in size <13> not available
(Font)              size <12> substituted on input line 85.


LaTeX Font Warning: Font shape `OT1/cmr/bx/n' in size <13> not available
(Font)              size <12> substituted on input line 85.

LaTeX Font Info:    Calculating math sizes for size <11> on input line 85.

LaTeX Font Warning: Font shape `OT1/cmr/m/n' in size <5.5> not available
(Font)              size <5> substituted on input line 85.


LaTeX Font Warning: Font shape `OML/cmm/m/it' in size <5.5> not available
(Font)              size <5> substituted on input line 85.


LaTeX Font Warning: Font shape `OMS/cmsy/m/n' in size <5.5> not available
(Font)              size <5> substituted on input line 85.

LaTeX Font Info:    Try loading font information for U+msa on input line 85.
(/usr/local/texlive/2016/texmf-dist/tex/latex/amsfonts/umsa.fd
File: umsa.fd 2013/01/14 v3.01 AMS symbols A
)
LaTeX Font Info:    Try loading font information for U+msb on input line 85.

(/usr/local/texlive/2016/texmf-dist/tex/latex/amsfonts/umsb.fd
File: umsb.fd 2013/01/14 v3.01 AMS symbols B
) [1



{/usr/local/texlive/2016/texmf-var/fonts/map/pdftex/updmap/pdftex.map}] [2] [3]
 [4]

LaTeX Font Warning: Font shape `OT1/cmr/bx/n' in size <5.5> not available
(Font)              size <5> substituted on input line 239.

[5] <Figures/ptmd.png, id=33, 1509.64pt x 754.82pt>
File: Figures/ptmd.png Graphic file (type png)
 <use Figures/ptmd.png>
Package pdftex.def Info: Figures/ptmd.png used on input line 274.
(pdftex.def)             Requested size: 341.43306pt x 170.71404pt.

[6 <./Figures/ptmd.png>]
Underfull \hbox (badness 10000) in paragraph at lines 296--299

 []

<Figures/geoms_w6.png, id=40, 467.346pt x 653.3208pt>
File: Figures/geoms_w6.png Graphic file (type png)

<use Figures/geoms_w6.png>
Package pdftex.def Info: Figures/geoms_w6.png used on input line 302.
(pdftex.def)             Requested size: 284.52756pt x 397.74753pt.
 <Figures/ener_Wn1.png, id=41, 433.62pt x 361.35pt>
File: Figures/ener_Wn1.png Graphic file (type png)

<use Figures/ener_Wn1.png>
Package pdftex.def Info: Figures/ener_Wn1.png used on input line 311.
(pdftex.def)             Requested size: 398.33858pt x 331.96634pt.

Underfull \hbox (badness 10000) in paragraph at lines 318--319

 []


Underfull \hbox (badness 10000) in paragraph at lines 320--322

 []

[7] [8 <./Figures/geoms_w6.png>] [9 <./Figures/ener_Wn1.png>] [10]

LaTeX Warning: No positions in optional float specifier.
               Default added (so using `tbp') on input line 396.

<Figures/Capa.png, id=60, 1019.81pt x 1397.22pt>
File: Figures/Capa.png Graphic file (type png)
 <use Figures/Capa.png>
Package pdftex.def Info: Figures/Capa.png used on input line 398.
(pdftex.def)             Requested size: 227.62204pt x 311.8452pt.


LaTeX Warning: No positions in optional float specifier.
               Default added (so using `tbp') on input line 405.

<Figures/H2O21.png, id=61, 1417.295pt x 1457.445pt>
File: Figures/H2O21.png Graphic file (type png)
 <use Figures/H2O21.png>
Package pdftex.def Info: Figures/H2O21.png used on input line 407.
(pdftex.def)             Requested size: 142.26378pt x 146.28676pt.

[11 <./Figures/Capa.png>]
Underfull \hbox (badness 1308) in paragraph at lines 430--437
[]\OT1/cmr/m/n/10.95 So, in or-der to de-velop a scheme that can model both (H$
[]$O)$[]$SO$[]$ and
 []

[12 <./Figures/H2O21.png>]

LaTeX Warning: No positions in optional float specifier.
               Default added (so using `tbp') on input line 464.

<Figures/sulfate.png, id=70, 1513.655pt x 1349.04pt>
File: Figures/sulfate.png Graphic file (type png)
 <use Figures/sulfate.png>
Package pdftex.def Info: Figures/sulfate.png used on input line 466.
(pdftex.def)             Requested size: 227.62204pt x 202.86188pt.


LaTeX Warning: No positions in optional float specifier.
               Default added (so using `tbp') on input line 489.

<Figures/ammonium.png, id=71, 1409.265pt x 1067.99pt>
File: Figures/ammonium.png Graphic file (type png)

<use Figures/ammonium.png>
Package pdftex.def Info: Figures/ammonium.png used on input line 491.
(pdftex.def)             Requested size: 227.62204pt x 172.49521pt.
 [13 <./Figures/sulfate.png>] [14 <./Figures/ammonium.png>]

LaTeX Warning: No positions in optional float specifier.
               Default added (so using `tbp') on input line 540.

<Figures/HCO_recomb.png, id=81, 361.35pt x 252.945pt>
File: Figures/HCO_recomb.png Graphic file (type png)

<use Figures/HCO_recomb.png>
Package pdftex.def Info: Figures/HCO_recomb.png used on input line 542.
(pdftex.def)             Requested size: 256.0748pt x 179.25255pt.

Underfull \hbox (badness 10000) in paragraph at lines 551--552

 []


Underfull \hbox (badness 10000) in paragraph at lines 559--560

 []

[15 <./Figures/HCO_recomb.png>]
Underfull \hbox (badness 1331) in paragraph at lines 561--564
[]\OT1/cmr/m/n/10.95 The com-pu-ta-tional ap-proach was first bench-marked for 
(H$[]$O)$[]$-C$[]$H$[]$ and
 []


Underfull \hbox (badness 10000) in paragraph at lines 561--564

 []

<Figures/geoms_w6cor.png, id=86, 557.9244pt x 723.6636pt>
File: Figures/geoms_w6cor.png Graphic file (type png)

<use Figures/geoms_w6cor.png>
Package pdftex.def Info: Figures/geoms_w6cor.png used on input line 567.
(pdftex.def)             Requested size: 341.43306pt x 442.86964pt.

Underfull \hbox (badness 10000) in paragraph at lines 567--568

 []


Underfull \hbox (badness 10000) in paragraph at lines 574--575

 []

<Figures/CapaW6PAH.pdf, id=87, 361.35pt x 252.945pt>
File: Figures/CapaW6PAH.pdf Graphic file (type pdf)

<use Figures/CapaW6PAH.pdf>
Package pdftex.def Info: Figures/CapaW6PAH.pdf used on input line 581.
(pdftex.def)             Requested size: 199.16928pt x 139.41736pt.

<Figures/CapaW8PAH.pdf, id=88, 361.35pt x 252.945pt>
File: Figures/CapaW8PAH.pdf Graphic file (type pdf)

<use Figures/CapaW8PAH.pdf>
Package pdftex.def Info: Figures/CapaW8PAH.pdf used on input line 581.
(pdftex.def)             Requested size: 199.16928pt x 139.41736pt.

Underfull \hbox (badness 10000) in paragraph at lines 581--582

 []


Underfull \hbox (badness 10000) in paragraph at lines 587--590

 []

[16]
Underfull \hbox (badness 10000) in paragraph at lines 591--592

 []

[17 <./Figures/geoms_w6cor.png>]
Underfull \hbox (badness 10000) in paragraph at lines 598--599

 []


Underfull \hbox (badness 10000) in paragraph at lines 600--603

 []


Underfull \hbox (badness 10000) in paragraph at lines 604--606

 []

[18 <./Figures/CapaW6PAH.pdf> <./Figures/CapaW8PAH.pdf>]
Underfull \hbox (badness 10000) in paragraph at lines 611--613

 []


Underfull \hbox (badness 10000) in paragraph at lines 614--615

 []

<Figures/geoms_mat.pdf, id=109, 597.50786pt x 845.04686pt>
File: Figures/geoms_mat.pdf Graphic file (type pdf)

<use Figures/geoms_mat.pdf>
Package pdftex.def Info: Figures/geoms_mat.pdf used on input line 618.
(pdftex.def)             Requested size: 312.9803pt x 442.63759pt.

Underfull \hbox (badness 1810) in paragraph at lines 620--620
\OT1/cmr/bx/n/8 Figure 11. \OT1/cmr/m/n/8 DFTB/FF op-ti-mised ge-ome-tries of c
oronene-water com-plexes in an ar-gon ma-trix (a)
 []


Underfull \hbox (badness 10000) in paragraph at lines 625--630

 []


Underfull \hbox (badness 10000) in paragraph at lines 631--632

 []

[19] <Figures/comp_gCH.png, id=115, 421.45454pt x 489.62926pt>
File: Figures/comp_gCH.png Graphic file (type png)

<use Figures/comp_gCH.png>
Package pdftex.def Info: Figures/comp_gCH.png used on input line 635.
(pdftex.def)             Requested size: 256.0748pt x 297.5079pt.
 [20 <./Figures/geoms_mat.pdf>] [21 <./Figures/comp_gCH.png (PNG copy)>] <Figur
es/ova_LDA_IC_IH.pdf, id=193, 1084.05pt x 722.7pt>
File: Figures/ova_LDA_IC_IH.pdf Graphic file (type pdf)

<use Figures/ova_LDA_IC_IH.pdf>
Package pdftex.def Info: Figures/ova_LDA_IC_IH.pdf used on input line 655.
(pdftex.def)             Requested size: 398.33858pt x 265.55322pt.

<Figures/ova_Ih_31_min.png, id=194, 377.41pt x 198.7425pt>
File: Figures/ova_Ih_31_min.png Graphic file (type png)

<use Figures/ova_Ih_31_min.png>
Package pdftex.def Info: Figures/ova_Ih_31_min.png used on input line 664.
(pdftex.def)             Requested size: 256.0748pt x 134.8459pt.

<Figures/ova_Ih_34_max.png, id=195, 368.37625pt x 182.6825pt>
File: Figures/ova_Ih_34_max.png Graphic file (type png)

<use Figures/ova_Ih_34_max.png>
Package pdftex.def Info: Figures/ova_Ih_34_max.png used on input line 664.
(pdftex.def)             Requested size: 256.0748pt x 126.99043pt.

Underfull \hbox (badness 10000) in paragraph at lines 670--672

 []

[22 <./Figures/ova_LDA_IC_IH.pdf>] [23 <./Figures/ova_Ih_31_min.png> <./Figures
/ova_Ih_34_max.png>]

LaTeX Warning: No positions in optional float specifier.
               Default added (so using `tbp') on input line 711.

<Figures/liquid_water.png, id=247, 677.4108pt x 497.2176pt>
File: Figures/liquid_water.png Graphic file (type png)

<use Figures/liquid_water.png>
Package pdftex.def Info: Figures/liquid_water.png used on input line 713.
(pdftex.def)             Requested size: 256.0748pt x 187.95834pt.
 [24 <./Figures/liquid_water.png>] [25]
(./main.bbl [26] [27] [28] [29] [30] [31] [32] [33] [34]) [35] (./main.aux)

LaTeX Font Warning: Size substitutions with differences
(Font)              up to 1.0pt have occurred.

 ) 
Here is how much of TeX's memory you used:
 5252 strings out of 493014
 76102 string characters out of 6133352
 145729 words of memory out of 5000000
 8693 multiletter control sequences out of 15000+600000
 15745 words of font info for 60 fonts, out of 8000000 for 9000
 1141 hyphenation exceptions out of 8191
 42i,7n,38p,1551b,1012s stack positions out of 5000i,500n,10000p,200000b,80000s
</usr/local/texlive/2016/texmf-dist/fonts/type1/public/amsfonts/cm/cmbx10.pfb
></usr/local/texlive/2016/texmf-dist/fonts/type1/public/amsfonts/cm/cmbx12.pfb>
</usr/local/texlive/2016/texmf-dist/fonts/type1/public/amsfonts/cm/cmbx8.pfb></
usr/local/texlive/2016/texmf-dist/fonts/type1/public/amsfonts/cm/cmbx9.pfb></us
r/local/texlive/2016/texmf-dist/fonts/type1/public/amsfonts/cm/cmbxti10.pfb></u
sr/local/texlive/2016/texmf-dist/fonts/type1/public/amsfonts/cm/cmex10.pfb></us
r/local/texlive/2016/texmf-dist/fonts/type1/public/amsfonts/cm/cmmi10.pfb></usr
/local/texlive/2016/texmf-dist/fonts/type1/public/amsfonts/cm/cmmi5.pfb></usr/l
ocal/texlive/2016/texmf-dist/fonts/type1/public/amsfonts/cm/cmmi6.pfb></usr/loc
al/texlive/2016/texmf-dist/fonts/type1/public/amsfonts/cm/cmmi7.pfb></usr/local
/texlive/2016/texmf-dist/fonts/type1/public/amsfonts/cm/cmmi8.pfb></usr/local/t
exlive/2016/texmf-dist/fonts/type1/public/amsfonts/cm/cmr10.pfb></usr/local/tex
live/2016/texmf-dist/fonts/type1/public/amsfonts/cm/cmr5.pfb></usr/local/texliv
e/2016/texmf-dist/fonts/type1/public/amsfonts/cm/cmr6.pfb></usr/local/texlive/2
016/texmf-dist/fonts/type1/public/amsfonts/cm/cmr7.pfb></usr/local/texlive/2016
/texmf-dist/fonts/type1/public/amsfonts/cm/cmr8.pfb></usr/local/texlive/2016/te
xmf-dist/fonts/type1/public/amsfonts/cm/cmr9.pfb></usr/local/texlive/2016/texmf
-dist/fonts/type1/public/amsfonts/cm/cmsy10.pfb></usr/local/texlive/2016/texmf-
dist/fonts/type1/public/amsfonts/cm/cmsy6.pfb></usr/local/texlive/2016/texmf-di
st/fonts/type1/public/amsfonts/cm/cmsy7.pfb></usr/local/texlive/2016/texmf-dist
/fonts/type1/public/amsfonts/cm/cmsy8.pfb></usr/local/texlive/2016/texmf-dist/f
onts/type1/public/amsfonts/cm/cmti10.pfb></usr/local/texlive/2016/texmf-dist/fo
nts/type1/public/amsfonts/cm/cmti8.pfb>
Output written on main.pdf (35 pages, 3569584 bytes).
PDF statistics:
 363 PDF objects out of 1000 (max. 8388607)
 206 compressed objects within 3 object streams
 0 named destinations out of 1000 (max. 500000)
 86 words of extra memory for PDF output out of 10000 (max. 10000000)

